<?xml version="1.0" encoding="UTF-8"?>
<!-- Generated by org.testng.reporters.JUnitReportReporter -->
<testsuite hostname="DESKTOP-GOMK6OD" name="TestFramework.basics2" tests="1" failures="0" timestamp="21 Feb 2017 22:50:02 GMT" time="4.388" errors="0">
  <testcase name="createPlaceAPI" time="4.388" classname="TestFramework.basics2"/>
</testsuite> <!-- TestFramework.basics2 -->
