<?xml version="1.0" encoding="UTF-8"?>
<!-- Generated by org.testng.reporters.JUnitReportReporter -->
<testsuite hostname="YESpays-iMac-2.local" name="WPOSAPI.contactless" tests="6" failures="0" timestamp="2 Jan 2019 09:39:27 GMT" time="10.505" errors="0">
  <testcase name="capture" time="2.298" classname="WPOSAPI.contactless"/>
  <testcase name="Sale" time="1.051" classname="WPOSAPI.contactless"/>
  <testcase name="Auth" time="0.001" classname="WPOSAPI.contactless"/>
  <testcase name="Login" time="1.093" classname="WPOSAPI.contactless"/>
  <testcase name="Merchant" time="6.060" classname="WPOSAPI.contactless"/>
  <testcase name="Date" time="0.002" classname="WPOSAPI.contactless"/>
</testsuite>
