<?xml version="1.0" encoding="UTF-8"?>
<!-- Generated by org.testng.reporters.JUnitReportReporter -->
<testsuite hostname="YESpays-iMac-2.local" name="WPOSAPI.createSale" tests="1" failures="0" timestamp="11 Dec 2018 06:38:49 GMT" time="2.427" errors="0">
  <testcase name="create" time="2.427" classname="WPOSAPI.createSale"/>
</testsuite>
