<?xml version="1.0" encoding="UTF-8"?>
<!-- Generated by org.testng.reporters.JUnitReportReporter -->
<testsuite hostname="YESpays-iMac-2.local" name="WPOSAPI.Demo" tests="7" failures="0" timestamp="11 Dec 2018 12:46:28 GMT" time="17.251" errors="0">
  <testcase name="createSale" time="1.098" classname="WPOSAPI.Demo"/>
  <testcase name="date" time="0.054" classname="WPOSAPI.Demo"/>
  <testcase name="capture" time="1.507" classname="WPOSAPI.Demo"/>
  <testcase name="getCatalogue" time="0.969" classname="WPOSAPI.Demo"/>
  <testcase name="loginApi" time="3.979" classname="WPOSAPI.Demo"/>
  <testcase name="Auth" time="3.587" classname="WPOSAPI.Demo"/>
  <testcase name="getMerchantDetails" time="6.057" classname="WPOSAPI.Demo"/>
</testsuite>
