<?xml version="1.0" encoding="UTF-8"?>
<!-- Generated by org.testng.reporters.JUnitReportReporter -->
<testsuite hostname="YESpays-iMac-2.local" name="WPOSAPI.PinCHip" tests="6" failures="0" timestamp="2 Jan 2019 09:39:27 GMT" time="16.763" errors="0">
  <testcase name="Auth" time="3.706" classname="WPOSAPI.PinCHip"/>
  <testcase name="capture" time="1.639" classname="WPOSAPI.PinCHip"/>
  <testcase name="Login" time="4.147" classname="WPOSAPI.PinCHip"/>
  <testcase name="Sale" time="1.151" classname="WPOSAPI.PinCHip"/>
  <testcase name="Date" time="0.003" classname="WPOSAPI.PinCHip"/>
  <testcase name="Merchant" time="6.117" classname="WPOSAPI.PinCHip"/>
</testsuite>
