<?xml version="1.0" encoding="UTF-8"?>
<!-- Generated by org.testng.reporters.JUnitReportReporter -->
<testsuite hostname="DESKTOP-GOMK6OD" name="TestFramework.basics7" tests="1" failures="0" timestamp="21 Feb 2017 23:10:00 GMT" time="0.351" errors="0">
  <testcase name="JiraAPICreateComment" time="0.351" classname="TestFramework.basics7"/>
</testsuite>
