<?xml version="1.0" encoding="UTF-8"?>
<!-- Generated by org.testng.reporters.JUnitReportReporter -->
<testsuite hostname="DESKTOP-GOMK6OD" name="TestFramework.basics" tests="1" failures="0" timestamp="21 Feb 2017 23:10:00 GMT" time="4.990" errors="0">
  <testcase name="getPlaceAPI" time="4.990" classname="TestFramework.basics"/>
</testsuite>
