<?xml version="1.0" encoding="UTF-8"?>
<!-- Generated by org.testng.reporters.JUnitReportReporter -->
<testsuite hostname="DESKTOP-GOMK6OD" name="TestFramework.basics3" tests="1" failures="0" timestamp="21 Feb 2017 23:10:00 GMT" time="0.569" errors="0">
  <testcase name="AddandDeletePlace" time="0.569" classname="TestFramework.basics3"/>
</testsuite>
