<?xml version="1.0" encoding="UTF-8"?>
<!-- Generated by org.testng.reporters.JUnitReportReporter -->
<testsuite hostname="DESKTOP-GOMK6OD" name="TestFramework.basics6" tests="1" failures="0" timestamp="21 Feb 2017 23:10:00 GMT" time="0.614" errors="0">
  <testcase name="JiraAPICreateIssue" time="0.614" classname="TestFramework.basics6"/>
</testsuite>
