<?xml version="1.0" encoding="UTF-8"?>
<!-- Generated by org.testng.reporters.JUnitReportReporter -->
<testsuite hostname="DESKTOP-GOMK6OD" name="TestFramework.basics8" tests="2" failures="0" timestamp="21 Feb 2017 23:10:00 GMT" time="0.777" errors="0">
  <testcase name="JiraAPIUpdate" time="0.481" classname="TestFramework.basics8"/>
  <testcase name="JiraAPICreateComment" time="0.296" classname="TestFramework.basics8"/>
</testsuite>
