<?xml version="1.0" encoding="UTF-8"?>
<!-- Generated by org.testng.reporters.JUnitReportReporter -->
<testsuite hostname="DESKTOP-GOMK6OD" name="TestFramework.basics5" tests="1" failures="0" timestamp="21 Feb 2017 23:10:00 GMT" time="1.207" errors="0">
  <testcase name="extractingNamesAPI" time="1.207" classname="TestFramework.basics5"/>
</testsuite>
