<?xml version="1.0" encoding="UTF-8"?>
<!-- Generated by org.testng.reporters.JUnitReportReporter -->
<testsuite hostname="DESKTOP-GOMK6OD" name="TestFramework.basics4" tests="1" failures="0" timestamp="21 Feb 2017 23:10:00 GMT" time="0.401" errors="0">
  <testcase name="postDataXML" time="0.401" classname="TestFramework.basics4"/>
</testsuite>
